app/build/intermediates/manifest_merge_blame_file/debug/manifest-merger-blame-debug-report.txt
1<?xml version="1.0" encoding="utf-8"?>
2<manifest xmlns:android="http://schemas.android.com/apk/res/android"
3    package="com.example.facialrecognition"
4    android:versionCode="1"
5    android:versionName="1.0" >
6
7    <uses-sdk
8        android:minSdkVersion="26"
9        android:targetSdkVersion="34" />
10
11    <uses-permission
11-->src\main\AndroidManifest.xml:5:5-107
12        android:name="android.permission.READ_EXTERNAL_STORAGE"
12-->src\main\AndroidManifest.xml:5:22-77
13        android:maxSdkVersion="32" />
13-->src\main\AndroidManifest.xml:5:78-104
14    <uses-permission android:name="android.permission.READ_MEDIA_IMAGES" />
14-->src\main\AndroidManifest.xml:6:5-76
14-->src\main\AndroidManifest.xml:6:22-73
15    <uses-permission android:name="android.permission.WAKE_LOCK" />
15-->[androidx.work:work-runtime:2.9.0] AndroidManifest.xml:23:5-68
15-->[androidx.work:work-runtime:2.9.0] AndroidManifest.xml:23:22-65
16    <uses-permission android:name="android.permission.ACCESS_NETWORK_STATE" />
16-->[androidx.work:work-runtime:2.9.0] AndroidManifest.xml:24:5-79
16-->[androidx.work:work-runtime:2.9.0] AndroidManifest.xml:24:22-76
17    <uses-permission android:name="android.permission.RECEIVE_BOOT_COMPLETED" />
17-->[androidx.work:work-runtime:2.9.0] AndroidManifest.xml:25:5-81
17-->[androidx.work:work-runtime:2.9.0] AndroidManifest.xml:25:22-78
18    <uses-permission android:name="android.permission.FOREGROUND_SERVICE" />
18-->[androidx.work:work-runtime:2.9.0] AndroidManifest.xml:26:5-77
18-->[androidx.work:work-runtime:2.9.0] AndroidManifest.xml:26:22-74
19
20    <permission
20-->[androidx.core:core:1.12.0] AndroidManifest.xml:22:5-24:47
21        android:name="com.example.facialrecognition.DYNAMIC_RECEIVER_NOT_EXPORTED_PERMISSION"
21-->[androidx.core:core:1.12.0] AndroidManifest.xml:23:9-81
22        android:protectionLevel="signature" />
22-->[androidx.core:core:1.12.0] AndroidManifest.xml:24:9-44
23
24    <uses-permission android:name="com.example.facialrecognition.DYNAMIC_RECEIVER_NOT_EXPORTED_PERMISSION" />
24-->[androidx.core:core:1.12.0] AndroidManifest.xml:26:5-97
24-->[androidx.core:core:1.12.0] AndroidManifest.xml:26:22-94
25    <uses-permission android:name="android.permission.INTERNET" />
25-->[com.google.android.datatransport:transport-backend-cct:2.3.3] AndroidManifest.xml:26:5-67
25-->[com.google.android.datatransport:transport-backend-cct:2.3.3] AndroidManifest.xml:26:22-64
26
27    <application
27-->src\main\AndroidManifest.xml:8:5-28:19
28        android:name="com.example.facialrecognition.FaceApp"
28-->src\main\AndroidManifest.xml:9:9-32
29        android:allowBackup="true"
29-->src\main\AndroidManifest.xml:10:9-35
30        android:appComponentFactory="androidx.core.app.CoreComponentFactory"
30-->[androidx.core:core:1.12.0] AndroidManifest.xml:28:18-86
31        android:dataExtractionRules="@xml/data_extraction_rules"
31-->src\main\AndroidManifest.xml:11:9-65
32        android:debuggable="true"
33        android:extractNativeLibs="false"
34        android:fullBackupContent="@xml/backup_rules"
34-->src\main\AndroidManifest.xml:12:9-54
35        android:icon="@drawable/ic_launcher_foreground"
35-->src\main\AndroidManifest.xml:13:9-56
36        android:label="@string/app_name"
36-->src\main\AndroidManifest.xml:14:9-41
37        android:roundIcon="@drawable/ic_launcher_foreground"
37-->src\main\AndroidManifest.xml:15:9-61
38        android:supportsRtl="true"
38-->src\main\AndroidManifest.xml:16:9-35
39        android:theme="@style/Theme.FacialPhotoManagement" >
39-->src\main\AndroidManifest.xml:17:9-59
40        <activity
40-->src\main\AndroidManifest.xml:19:9-27:20
41            android:name="com.example.facialrecognition.MainActivity"
41-->src\main\AndroidManifest.xml:20:13-41
42            android:exported="true"
42-->src\main\AndroidManifest.xml:21:13-36
43            android:theme="@style/Theme.FacialPhotoManagement" >
43-->src\main\AndroidManifest.xml:22:13-63
44            <intent-filter>
44-->src\main\AndroidManifest.xml:23:13-26:29
45                <action android:name="android.intent.action.MAIN" />
45-->src\main\AndroidManifest.xml:24:17-69
45-->src\main\AndroidManifest.xml:24:25-66
46
47                <category android:name="android.intent.category.LAUNCHER" />
47-->src\main\AndroidManifest.xml:25:17-77
47-->src\main\AndroidManifest.xml:25:27-74
48            </intent-filter>
49        </activity>
50
51        <service
51-->[com.google.android.gms:play-services-mlkit-face-detection:17.0.1] AndroidManifest.xml:9:9-15:19
52            android:name="com.google.mlkit.common.internal.MlKitComponentDiscoveryService"
52-->[com.google.android.gms:play-services-mlkit-face-detection:17.0.1] AndroidManifest.xml:10:13-91
53            android:directBootAware="true"
53-->[com.google.mlkit:common:18.1.0] AndroidManifest.xml:17:13-43
54            android:exported="false" >
54-->[com.google.android.gms:play-services-mlkit-face-detection:17.0.1] AndroidManifest.xml:11:13-37
55            <meta-data
55-->[com.google.android.gms:play-services-mlkit-face-detection:17.0.1] AndroidManifest.xml:12:13-14:85
56                android:name="com.google.firebase.components:com.google.mlkit.vision.face.internal.FaceRegistrar"
56-->[com.google.android.gms:play-services-mlkit-face-detection:17.0.1] AndroidManifest.xml:13:17-114
57                android:value="com.google.firebase.components.ComponentRegistrar" />
57-->[com.google.android.gms:play-services-mlkit-face-detection:17.0.1] AndroidManifest.xml:14:17-82
58            <meta-data
58-->[com.google.mlkit:vision-common:17.1.0] AndroidManifest.xml:12:13-14:85
59                android:name="com.google.firebase.components:com.google.mlkit.vision.common.internal.VisionCommonRegistrar"
59-->[com.google.mlkit:vision-common:17.1.0] AndroidManifest.xml:13:17-124
60                android:value="com.google.firebase.components.ComponentRegistrar" />
60-->[com.google.mlkit:vision-common:17.1.0] AndroidManifest.xml:14:17-82
61            <meta-data
61-->[com.google.mlkit:common:18.1.0] AndroidManifest.xml:20:13-22:85
62                android:name="com.google.firebase.components:com.google.mlkit.common.internal.CommonComponentRegistrar"
62-->[com.google.mlkit:common:18.1.0] AndroidManifest.xml:21:17-120
63                android:value="com.google.firebase.components.ComponentRegistrar" />
63-->[com.google.mlkit:common:18.1.0] AndroidManifest.xml:22:17-82
64        </service>
65
66        <provider
66-->[com.google.mlkit:common:18.1.0] AndroidManifest.xml:9:9-13:38
67            android:name="com.google.mlkit.common.internal.MlKitInitProvider"
67-->[com.google.mlkit:common:18.1.0] AndroidManifest.xml:10:13-78
68            android:authorities="com.example.facialrecognition.mlkitinitprovider"
68-->[com.google.mlkit:common:18.1.0] AndroidManifest.xml:11:13-69
69            android:exported="false"
69-->[com.google.mlkit:common:18.1.0] AndroidManifest.xml:12:13-37
70            android:initOrder="99" />
70-->[com.google.mlkit:common:18.1.0] AndroidManifest.xml:13:13-35
71
72        <activity
72-->[com.google.android.gms:play-services-base:18.0.1] AndroidManifest.xml:20:9-22:45
73            android:name="com.google.android.gms.common.api.GoogleApiActivity"
73-->[com.google.android.gms:play-services-base:18.0.1] AndroidManifest.xml:20:19-85
74            android:exported="false"
74-->[com.google.android.gms:play-services-base:18.0.1] AndroidManifest.xml:22:19-43
75            android:theme="@android:style/Theme.Translucent.NoTitleBar" />
75-->[com.google.android.gms:play-services-base:18.0.1] AndroidManifest.xml:21:19-78
76
77        <provider
77-->[androidx.work:work-runtime:2.9.0] AndroidManifest.xml:29:9-37:20
78            android:name="androidx.startup.InitializationProvider"
78-->[androidx.work:work-runtime:2.9.0] AndroidManifest.xml:30:13-67
79            android:authorities="com.example.facialrecognition.androidx-startup"
79-->[androidx.work:work-runtime:2.9.0] AndroidManifest.xml:31:13-68
80            android:exported="false" >
80-->[androidx.work:work-runtime:2.9.0] AndroidManifest.xml:32:13-37
81            <meta-data
81-->[androidx.work:work-runtime:2.9.0] AndroidManifest.xml:34:13-36:52
82                android:name="androidx.work.WorkManagerInitializer"
82-->[androidx.work:work-runtime:2.9.0] AndroidManifest.xml:35:17-68
83                android:value="androidx.startup" />
83-->[androidx.work:work-runtime:2.9.0] AndroidManifest.xml:36:17-49
84            <meta-data
84-->[androidx.emoji2:emoji2:1.4.0] AndroidManifest.xml:29:13-31:52
85                android:name="androidx.emoji2.text.EmojiCompatInitializer"
85-->[androidx.emoji2:emoji2:1.4.0] AndroidManifest.xml:30:17-75
86                android:value="androidx.startup" />
86-->[androidx.emoji2:emoji2:1.4.0] AndroidManifest.xml:31:17-49
87            <meta-data
87-->[androidx.lifecycle:lifecycle-process:2.7.0] AndroidManifest.xml:29:13-31:52
88                android:name="androidx.lifecycle.ProcessLifecycleInitializer"
88-->[androidx.lifecycle:lifecycle-process:2.7.0] AndroidManifest.xml:30:17-78
89                android:value="androidx.startup" />
89-->[androidx.lifecycle:lifecycle-process:2.7.0] AndroidManifest.xml:31:17-49
90            <meta-data
90-->[androidx.profileinstaller:profileinstaller:1.3.1] AndroidManifest.xml:29:13-31:52
91                android:name="androidx.profileinstaller.ProfileInstallerInitializer"
91-->[androidx.profileinstaller:profileinstaller:1.3.1] AndroidManifest.xml:30:17-85
92                android:value="androidx.startup" />
92-->[androidx.profileinstaller:profileinstaller:1.3.1] AndroidManifest.xml:31:17-49
93        </provider>
94
95        <service
95-->[androidx.work:work-runtime:2.9.0] AndroidManifest.xml:39:9-45:35
96            android:name="androidx.work.impl.background.systemalarm.SystemAlarmService"
96-->[androidx.work:work-runtime:2.9.0] AndroidManifest.xml:40:13-88
97            android:directBootAware="false"
97-->[androidx.work:work-runtime:2.9.0] AndroidManifest.xml:41:13-44
98            android:enabled="@bool/enable_system_alarm_service_default"
98-->[androidx.work:work-runtime:2.9.0] AndroidManifest.xml:42:13-72
99            android:exported="false" />
99-->[androidx.work:work-runtime:2.9.0] AndroidManifest.xml:43:13-37
100        <service
100-->[androidx.work:work-runtime:2.9.0] AndroidManifest.xml:46:9-52:35
101            android:name="androidx.work.impl.background.systemjob.SystemJobService"
101-->[androidx.work:work-runtime:2.9.0] AndroidManifest.xml:47:13-84
102            android:directBootAware="false"
102-->[androidx.work:work-runtime:2.9.0] AndroidManifest.xml:48:13-44
103            android:enabled="@bool/enable_system_job_service_default"
103-->[androidx.work:work-runtime:2.9.0] AndroidManifest.xml:49:13-70
104            android:exported="true"
104-->[androidx.work:work-runtime:2.9.0] AndroidManifest.xml:50:13-36
105            android:permission="android.permission.BIND_JOB_SERVICE" />
105-->[androidx.work:work-runtime:2.9.0] AndroidManifest.xml:51:13-69
106        <service
106-->[androidx.work:work-runtime:2.9.0] AndroidManifest.xml:53:9-59:35
107            android:name="androidx.work.impl.foreground.SystemForegroundService"
107-->[androidx.work:work-runtime:2.9.0] AndroidManifest.xml:54:13-81
108            android:directBootAware="false"
108-->[androidx.work:work-runtime:2.9.0] AndroidManifest.xml:55:13-44
109            android:enabled="@bool/enable_system_foreground_service_default"
109-->[androidx.work:work-runtime:2.9.0] AndroidManifest.xml:56:13-77
110            android:exported="false" />
110-->[androidx.work:work-runtime:2.9.0] AndroidManifest.xml:57:13-37
111
112        <receiver
112-->[androidx.work:work-runtime:2.9.0] AndroidManifest.xml:61:9-66:35
113            android:name="androidx.work.impl.utils.ForceStopRunnable$BroadcastReceiver"
113-->[androidx.work:work-runtime:2.9.0] AndroidManifest.xml:62:13-88
114            android:directBootAware="false"
114-->[androidx.work:work-runtime:2.9.0] AndroidManifest.xml:63:13-44
115            android:enabled="true"
115-->[androidx.work:work-runtime:2.9.0] AndroidManifest.xml:64:13-35
116            android:exported="false" />
116-->[androidx.work:work-runtime:2.9.0] AndroidManifest.xml:65:13-37
117        <receiver
117-->[androidx.work:work-runtime:2.9.0] AndroidManifest.xml:67:9-77:20
118            android:name="androidx.work.impl.background.systemalarm.ConstraintProxy$BatteryChargingProxy"
118-->[androidx.work:work-runtime:2.9.0] AndroidManifest.xml:68:13-106
119            android:directBootAware="false"
119-->[androidx.work:work-runtime:2.9.0] AndroidManifest.xml:69:13-44
120            android:enabled="false"
120-->[androidx.work:work-runtime:2.9.0] AndroidManifest.xml:70:13-36
121            android:exported="false" >
121-->[androidx.work:work-runtime:2.9.0] AndroidManifest.xml:71:13-37
122            <intent-filter>
122-->[androidx.work:work-runtime:2.9.0] AndroidManifest.xml:73:13-76:29
123                <action android:name="android.intent.action.ACTION_POWER_CONNECTED" />
123-->[androidx.work:work-runtime:2.9.0] AndroidManifest.xml:74:17-87
123-->[androidx.work:work-runtime:2.9.0] AndroidManifest.xml:74:25-84
124                <action android:name="android.intent.action.ACTION_POWER_DISCONNECTED" />
124-->[androidx.work:work-runtime:2.9.0] AndroidManifest.xml:75:17-90
124-->[androidx.work:work-runtime:2.9.0] AndroidManifest.xml:75:25-87
125            </intent-filter>
126        </receiver>
127        <receiver
127-->[androidx.work:work-runtime:2.9.0] AndroidManifest.xml:78:9-88:20
128            android:name="androidx.work.impl.background.systemalarm.ConstraintProxy$BatteryNotLowProxy"
128-->[androidx.work:work-runtime:2.9.0] AndroidManifest.xml:79:13-104
129            android:directBootAware="false"
129-->[androidx.work:work-runtime:2.9.0] AndroidManifest.xml:80:13-44
130            android:enabled="false"
130-->[androidx.work:work-runtime:2.9.0] AndroidManifest.xml:81:13-36
131            android:exported="false" >
131-->[androidx.work:work-runtime:2.9.0] AndroidManifest.xml:82:13-37
132            <intent-filter>
132-->[androidx.work:work-runtime:2.9.0] AndroidManifest.xml:84:13-87:29
133                <action android:name="android.intent.action.BATTERY_OKAY" />
133-->[androidx.work:work-runtime:2.9.0] AndroidManifest.xml:85:17-77
133-->[androidx.work:work-runtime:2.9.0] AndroidManifest.xml:85:25-74
134                <action android:name="android.intent.action.BATTERY_LOW" />
134-->[androidx.work:work-runtime:2.9.0] AndroidManifest.xml:86:17-76
134-->[androidx.work:work-runtime:2.9.0] AndroidManifest.xml:86:25-73
135            </intent-filter>
136        </receiver>
137        <receiver
137-->[androidx.work:work-runtime:2.9.0] AndroidManifest.xml:89:9-99:20
138            android:name="androidx.work.impl.background.systemalarm.ConstraintProxy$StorageNotLowProxy"
138-->[androidx.work:work-runtime:2.9.0] AndroidManifest.xml:90:13-104
139            android:directBootAware="false"
139-->[androidx.work:work-runtime:2.9.0] AndroidManifest.xml:91:13-44
140            android:enabled="false"
140-->[androidx.work:work-runtime:2.9.0] AndroidManifest.xml:92:13-36
141            android:exported="false" >
141-->[androidx.work:work-runtime:2.9.0] AndroidManifest.xml:93:13-37
142            <intent-filter>
142-->[androidx.work:work-runtime:2.9.0] AndroidManifest.xml:95:13-98:29
143                <action android:name="android.intent.action.DEVICE_STORAGE_LOW" />
143-->[androidx.work:work-runtime:2.9.0] AndroidManifest.xml:96:17-83
143-->[androidx.work:work-runtime:2.9.0] AndroidManifest.xml:96:25-80
144                <action android:name="android.intent.action.DEVICE_STORAGE_OK" />
144-->[androidx.work:work-runtime:2.9.0] AndroidManifest.xml:97:17-82
144-->[androidx.work:work-runtime:2.9.0] AndroidManifest.xml:97:25-79
145            </intent-filter>
146        </receiver>
147        <receiver
147-->[androidx.work:work-runtime:2.9.0] AndroidManifest.xml:100:9-109:20
148            android:name="androidx.work.impl.background.systemalarm.ConstraintProxy$NetworkStateProxy"
148-->[androidx.work:work-runtime:2.9.0] AndroidManifest.xml:101:13-103
149            android:directBootAware="false"
149-->[androidx.work:work-runtime:2.9.0] AndroidManifest.xml:102:13-44
150            android:enabled="false"
150-->[androidx.work:work-runtime:2.9.0] AndroidManifest.xml:103:13-36
151            android:exported="false" >
151-->[androidx.work:work-runtime:2.9.0] AndroidManifest.xml:104:13-37
152            <intent-filter>
152-->[androidx.work:work-runtime:2.9.0] AndroidManifest.xml:106:13-108:29
153                <action android:name="android.net.conn.CONNECTIVITY_CHANGE" />
153-->[androidx.work:work-runtime:2.9.0] AndroidManifest.xml:107:17-79
153-->[androidx.work:work-runtime:2.9.0] AndroidManifest.xml:107:25-76
154            </intent-filter>
155        </receiver>
156        <receiver
156-->[androidx.work:work-runtime:2.9.0] AndroidManifest.xml:110:9-121:20
157            android:name="androidx.work.impl.background.systemalarm.RescheduleReceiver"
157-->[androidx.work:work-runtime:2.9.0] AndroidManifest.xml:111:13-88
158            android:directBootAware="false"
158-->[androidx.work:work-runtime:2.9.0] AndroidManifest.xml:112:13-44
159            android:enabled="false"
159-->[androidx.work:work-runtime:2.9.0] AndroidManifest.xml:113:13-36
160            android:exported="false" >
160-->[androidx.work:work-runtime:2.9.0] AndroidManifest.xml:114:13-37
161            <intent-filter>
161-->[androidx.work:work-runtime:2.9.0] AndroidManifest.xml:116:13-120:29
162                <action android:name="android.intent.action.BOOT_COMPLETED" />
162-->[androidx.work:work-runtime:2.9.0] AndroidManifest.xml:117:17-79
162-->[androidx.work:work-runtime:2.9.0] AndroidManifest.xml:117:25-76
163                <action android:name="android.intent.action.TIME_SET" />
163-->[androidx.work:work-runtime:2.9.0] AndroidManifest.xml:118:17-73
163-->[androidx.work:work-runtime:2.9.0] AndroidManifest.xml:118:25-70
164                <action android:name="android.intent.action.TIMEZONE_CHANGED" />
164-->[androidx.work:work-runtime:2.9.0] AndroidManifest.xml:119:17-81
164-->[androidx.work:work-runtime:2.9.0] AndroidManifest.xml:119:25-78
165            </intent-filter>
166        </receiver>
167        <receiver
167-->[androidx.work:work-runtime:2.9.0] AndroidManifest.xml:122:9-131:20
168            android:name="androidx.work.impl.background.systemalarm.ConstraintProxyUpdateReceiver"
168-->[androidx.work:work-runtime:2.9.0] AndroidManifest.xml:123:13-99
169            android:directBootAware="false"
169-->[androidx.work:work-runtime:2.9.0] AndroidManifest.xml:124:13-44
170            android:enabled="@bool/enable_system_alarm_service_default"
170-->[androidx.work:work-runtime:2.9.0] AndroidManifest.xml:125:13-72
171            android:exported="false" >
171-->[androidx.work:work-runtime:2.9.0] AndroidManifest.xml:126:13-37
172            <intent-filter>
172-->[androidx.work:work-runtime:2.9.0] AndroidManifest.xml:128:13-130:29
173                <action android:name="androidx.work.impl.background.systemalarm.UpdateProxies" />
173-->[androidx.work:work-runtime:2.9.0] AndroidManifest.xml:129:17-98
173-->[androidx.work:work-runtime:2.9.0] AndroidManifest.xml:129:25-95
174            </intent-filter>
175        </receiver>
176        <receiver
176-->[androidx.work:work-runtime:2.9.0] AndroidManifest.xml:132:9-142:20
177            android:name="androidx.work.impl.diagnostics.DiagnosticsReceiver"
177-->[androidx.work:work-runtime:2.9.0] AndroidManifest.xml:133:13-78
178            android:directBootAware="false"
178-->[androidx.work:work-runtime:2.9.0] AndroidManifest.xml:134:13-44
179            android:enabled="true"
179-->[androidx.work:work-runtime:2.9.0] AndroidManifest.xml:135:13-35
180            android:exported="true"
180-->[androidx.work:work-runtime:2.9.0] AndroidManifest.xml:136:13-36
181            android:permission="android.permission.DUMP" >
181-->[androidx.work:work-runtime:2.9.0] AndroidManifest.xml:137:13-57
182            <intent-filter>
182-->[androidx.work:work-runtime:2.9.0] AndroidManifest.xml:139:13-141:29
183                <action android:name="androidx.work.diagnostics.REQUEST_DIAGNOSTICS" />
183-->[androidx.work:work-runtime:2.9.0] AndroidManifest.xml:140:17-88
183-->[androidx.work:work-runtime:2.9.0] AndroidManifest.xml:140:25-85
184            </intent-filter>
185        </receiver>
186
187        <activity
187-->[androidx.compose.ui:ui-tooling-android:1.5.4] AndroidManifest.xml:23:9-25:39
188            android:name="androidx.compose.ui.tooling.PreviewActivity"
188-->[androidx.compose.ui:ui-tooling-android:1.5.4] AndroidManifest.xml:24:13-71
189            android:exported="true" />
189-->[androidx.compose.ui:ui-tooling-android:1.5.4] AndroidManifest.xml:25:13-36
190        <activity
190-->[androidx.compose.ui:ui-test-manifest:1.5.4] AndroidManifest.xml:23:9-25:39
191            android:name="androidx.activity.ComponentActivity"
191-->[androidx.compose.ui:ui-test-manifest:1.5.4] AndroidManifest.xml:24:13-63
192            android:exported="true" />
192-->[androidx.compose.ui:ui-test-manifest:1.5.4] AndroidManifest.xml:25:13-36
193
194        <service
194-->[androidx.room:room-runtime:2.6.1] AndroidManifest.xml:24:9-28:63
195            android:name="androidx.room.MultiInstanceInvalidationService"
195-->[androidx.room:room-runtime:2.6.1] AndroidManifest.xml:25:13-74
196            android:directBootAware="true"
196-->[androidx.room:room-runtime:2.6.1] AndroidManifest.xml:26:13-43
197            android:exported="false" />
197-->[androidx.room:room-runtime:2.6.1] AndroidManifest.xml:27:13-37
198
199        <meta-data
199-->[com.google.android.gms:play-services-basement:18.0.0] AndroidManifest.xml:21:9-23:69
200            android:name="com.google.android.gms.version"
200-->[com.google.android.gms:play-services-basement:18.0.0] AndroidManifest.xml:22:13-58
201            android:value="@integer/google_play_services_version" />
201-->[com.google.android.gms:play-services-basement:18.0.0] AndroidManifest.xml:23:13-66
202
203        <service
203-->[com.google.android.datatransport:transport-backend-cct:2.3.3] AndroidManifest.xml:29:9-35:19
204            android:name="com.google.android.datatransport.runtime.backends.TransportBackendDiscovery"
204-->[com.google.android.datatransport:transport-backend-cct:2.3.3] AndroidManifest.xml:30:13-103
205            android:exported="false" >
205-->[com.google.android.datatransport:transport-backend-cct:2.3.3] AndroidManifest.xml:31:13-37
206            <meta-data
206-->[com.google.android.datatransport:transport-backend-cct:2.3.3] AndroidManifest.xml:32:13-34:39
207                android:name="backend:com.google.android.datatransport.cct.CctBackendFactory"
207-->[com.google.android.datatransport:transport-backend-cct:2.3.3] AndroidManifest.xml:33:17-94
208                android:value="cct" />
208-->[com.google.android.datatransport:transport-backend-cct:2.3.3] AndroidManifest.xml:34:17-36
209        </service>
210        <service
210-->[com.google.android.datatransport:transport-runtime:2.2.6] AndroidManifest.xml:26:9-30:19
211            android:name="com.google.android.datatransport.runtime.scheduling.jobscheduling.JobInfoSchedulerService"
211-->[com.google.android.datatransport:transport-runtime:2.2.6] AndroidManifest.xml:27:13-117
212            android:exported="false"
212-->[com.google.android.datatransport:transport-runtime:2.2.6] AndroidManifest.xml:28:13-37
213            android:permission="android.permission.BIND_JOB_SERVICE" >
213-->[com.google.android.datatransport:transport-runtime:2.2.6] AndroidManifest.xml:29:13-69
214        </service>
215
216        <receiver
216-->[com.google.android.datatransport:transport-runtime:2.2.6] AndroidManifest.xml:32:9-34:40
217            android:name="com.google.android.datatransport.runtime.scheduling.jobscheduling.AlarmManagerSchedulerBroadcastReceiver"
217-->[com.google.android.datatransport:transport-runtime:2.2.6] AndroidManifest.xml:33:13-132
218            android:exported="false" />
218-->[com.google.android.datatransport:transport-runtime:2.2.6] AndroidManifest.xml:34:13-37
219        <receiver
219-->[androidx.profileinstaller:profileinstaller:1.3.1] AndroidManifest.xml:34:9-52:20
220            android:name="androidx.profileinstaller.ProfileInstallReceiver"
220-->[androidx.profileinstaller:profileinstaller:1.3.1] AndroidManifest.xml:35:13-76
221            android:directBootAware="false"
221-->[androidx.profileinstaller:profileinstaller:1.3.1] AndroidManifest.xml:36:13-44
222            android:enabled="true"
222-->[androidx.profileinstaller:profileinstaller:1.3.1] AndroidManifest.xml:37:13-35
223            android:exported="true"
223-->[androidx.profileinstaller:profileinstaller:1.3.1] AndroidManifest.xml:38:13-36
224            android:permission="android.permission.DUMP" >
224-->[androidx.profileinstaller:profileinstaller:1.3.1] AndroidManifest.xml:39:13-57
225            <intent-filter>
225-->[androidx.profileinstaller:profileinstaller:1.3.1] AndroidManifest.xml:40:13-42:29
226                <action android:name="androidx.profileinstaller.action.INSTALL_PROFILE" />
226-->[androidx.profileinstaller:profileinstaller:1.3.1] AndroidManifest.xml:41:17-91
226-->[androidx.profileinstaller:profileinstaller:1.3.1] AndroidManifest.xml:41:25-88
227            </intent-filter>
228            <intent-filter>
228-->[androidx.profileinstaller:profileinstaller:1.3.1] AndroidManifest.xml:43:13-45:29
229                <action android:name="androidx.profileinstaller.action.SKIP_FILE" />
229-->[androidx.profileinstaller:profileinstaller:1.3.1] AndroidManifest.xml:44:17-85
229-->[androidx.profileinstaller:profileinstaller:1.3.1] AndroidManifest.xml:44:25-82
230            </intent-filter>
231            <intent-filter>
231-->[androidx.profileinstaller:profileinstaller:1.3.1] AndroidManifest.xml:46:13-48:29
232                <action android:name="androidx.profileinstaller.action.SAVE_PROFILE" />
232-->[androidx.profileinstaller:profileinstaller:1.3.1] AndroidManifest.xml:47:17-88
232-->[androidx.profileinstaller:profileinstaller:1.3.1] AndroidManifest.xml:47:25-85
233            </intent-filter>
234            <intent-filter>
234-->[androidx.profileinstaller:profileinstaller:1.3.1] AndroidManifest.xml:49:13-51:29
235                <action android:name="androidx.profileinstaller.action.BENCHMARK_OPERATION" />
235-->[androidx.profileinstaller:profileinstaller:1.3.1] AndroidManifest.xml:50:17-95
235-->[androidx.profileinstaller:profileinstaller:1.3.1] AndroidManifest.xml:50:25-92
236            </intent-filter>
237        </receiver>
238    </application>
239
240</manifest>